[old.wheelofnames.com/index.html]
[backblue.gif]
[fade.gif]
[index.html]
[wheelofnames.com/images/fb-screenshot.html]
[old.wheelofnames.com/manifest.json]
[old.wheelofnames.com/images/apple-touch-icon.png]
[old.wheelofnames.com/images/favicon-32x32.png]
[old.wheelofnames.com/images/favicon-16x16.png]
[old.wheelofnames.com/images/favicon.ico]
[use.fontawesome.com/releases/v5.13.0/css/all.css]
[old.wheelofnames.com/index-55d3b024f89691f87160.js]
[old.wheelofnames.com/vendor-e6af6eb8ab6902a3d5ac.js]
[old.wheelofnames.com/css/index.css]
[old.wheelofnames.com/css/vendor.css]
[apis.google.com/js/api.js]
[old.wheelofnames.com/index.html]
[wheelofnames.com/images/fb-screenshot.html]
[use.fontawesome.com/releases/v5.13.0/css/all.css]
[old.wheelofnames.com/css/vendor.css]
[old.wheelofnames.com/css/index.css]
[www.google-analytics.com/analytics.js]
[wheelofnames.com/icons/favicon-128x128.png]
[wheelofnames.com/icons/favicon-96x96.png]
[wheelofnames.com/icons/favicon-32x32.png]
[wheelofnames.com/icons/favicon-16x16.png]
[wheelofnames.com/js/vendor-v309.js]
[wheelofnames.com/js/app-v309.js]
[wheelofnames.com/css/app-v309.css]
[wheelofnames.com/images/logo-dark-background-38.png]
